D:\00-PLAB-정인환교수\LAB02\04\DEBUG\04.EXE.EMBED.MANIFEST
D:\00-PLAB-정인환교수\LAB02\04\DEBUG\04.EXE.EMBED.MANIFEST.RES
D:\00-PLAB-정인환교수\LAB02\04\DEBUG\04.EXE.INTERMEDIATE.MANIFEST
D:\00-PLAB-정인환교수\LAB02\04\DEBUG\04.OBJ
D:\00-Plab-정인환교수\lab02\04\Debug\04.vcxprojResolveAssemblyReference.cache
D:\00-Plab-정인환교수\lab02\04\Debug\04.write.1.tlog
D:\00-Plab-정인환교수\lab02\04\Debug\04_manifest.rc
D:\00-Plab-정인환교수\lab02\04\Debug\cl.command.1.tlog
D:\00-Plab-정인환교수\lab02\04\Debug\CL.read.1.tlog
D:\00-Plab-정인환교수\lab02\04\Debug\CL.write.1.tlog
D:\00-Plab-정인환교수\lab02\04\Debug\link.5836.read.1.tlog
D:\00-Plab-정인환교수\lab02\04\Debug\link.5836.write.1.tlog
D:\00-Plab-정인환교수\lab02\04\Debug\link.5836-cvtres.read.1.tlog
D:\00-Plab-정인환교수\lab02\04\Debug\link.5836-cvtres.write.1.tlog
D:\00-Plab-정인환교수\lab02\04\Debug\link.command.1.tlog
D:\00-Plab-정인환교수\lab02\04\Debug\link.read.1.tlog
D:\00-Plab-정인환교수\lab02\04\Debug\link.write.1.tlog
D:\00-Plab-정인환교수\lab02\04\Debug\link-cvtres.read.1.tlog
D:\00-Plab-정인환교수\lab02\04\Debug\link-cvtres.write.1.tlog
D:\00-Plab-정인환교수\lab02\04\Debug\mt.command.1.tlog
D:\00-Plab-정인환교수\lab02\04\Debug\mt.read.1.tlog
D:\00-Plab-정인환교수\lab02\04\Debug\mt.write.1.tlog
D:\00-Plab-정인환교수\lab02\04\Debug\rc.command.1.tlog
D:\00-Plab-정인환교수\lab02\04\Debug\rc.read.1.tlog
D:\00-Plab-정인환교수\lab02\04\Debug\rc.write.1.tlog
D:\00-Plab-정인환교수\lab02\04\Debug\vc100.idb
D:\00-PLAB-정인환교수\LAB02\04\DEBUG\VC100.PDB
D:\00-PLAB-정인환교수\LAB02\DEBUG\04.EXE
D:\00-PLAB-정인환교수\LAB02\DEBUG\04.ILK
D:\00-PLAB-정인환교수\LAB02\DEBUG\04.PDB
