D:\00-PLAB-정인환교수\LAB02\03\DEBUG\03.EXE.EMBED.MANIFEST
D:\00-PLAB-정인환교수\LAB02\03\DEBUG\03.EXE.EMBED.MANIFEST.RES
D:\00-PLAB-정인환교수\LAB02\03\DEBUG\03.EXE.INTERMEDIATE.MANIFEST
D:\00-Plab-정인환교수\lab02\03\Debug\03.vcxprojResolveAssemblyReference.cache
D:\00-Plab-정인환교수\lab02\03\Debug\03.write.1.tlog
D:\00-Plab-정인환교수\lab02\03\Debug\03_manifest.rc
D:\00-PLAB-정인환교수\LAB02\03\DEBUG\33.OBJ
D:\00-Plab-정인환교수\lab02\03\Debug\cl.command.1.tlog
D:\00-Plab-정인환교수\lab02\03\Debug\CL.read.1.tlog
D:\00-Plab-정인환교수\lab02\03\Debug\CL.write.1.tlog
D:\00-Plab-정인환교수\lab02\03\Debug\link.3876.read.1.tlog
D:\00-Plab-정인환교수\lab02\03\Debug\link.3876.write.1.tlog
D:\00-Plab-정인환교수\lab02\03\Debug\link.3876-cvtres.read.1.tlog
D:\00-Plab-정인환교수\lab02\03\Debug\link.3876-cvtres.write.1.tlog
D:\00-Plab-정인환교수\lab02\03\Debug\link.command.1.tlog
D:\00-Plab-정인환교수\lab02\03\Debug\link.read.1.tlog
D:\00-Plab-정인환교수\lab02\03\Debug\link.write.1.tlog
D:\00-Plab-정인환교수\lab02\03\Debug\link-cvtres.read.1.tlog
D:\00-Plab-정인환교수\lab02\03\Debug\link-cvtres.write.1.tlog
D:\00-Plab-정인환교수\lab02\03\Debug\mt.command.1.tlog
D:\00-Plab-정인환교수\lab02\03\Debug\mt.read.1.tlog
D:\00-Plab-정인환교수\lab02\03\Debug\mt.write.1.tlog
D:\00-Plab-정인환교수\lab02\03\Debug\rc.command.1.tlog
D:\00-Plab-정인환교수\lab02\03\Debug\rc.read.1.tlog
D:\00-Plab-정인환교수\lab02\03\Debug\rc.write.1.tlog
D:\00-Plab-정인환교수\lab02\03\Debug\vc100.idb
D:\00-PLAB-정인환교수\LAB02\03\DEBUG\VC100.PDB
D:\00-PLAB-정인환교수\LAB02\DEBUG\03.EXE
D:\00-PLAB-정인환교수\LAB02\DEBUG\03.ILK
D:\00-PLAB-정인환교수\LAB02\DEBUG\03.PDB
