D:\00-PLAB-정인환교수\LAB02\DEBUG\01.EXE
D:\00-PLAB-정인환교수\LAB02\DEBUG\01.ILK
D:\00-PLAB-정인환교수\LAB02\DEBUG\01.PDB
D:\00-PLAB-정인환교수\LAB02\LAB02\DEBUG\01.EXE.EMBED.MANIFEST
D:\00-PLAB-정인환교수\LAB02\LAB02\DEBUG\01.EXE.EMBED.MANIFEST.RES
D:\00-PLAB-정인환교수\LAB02\LAB02\DEBUG\01.EXE.INTERMEDIATE.MANIFEST
D:\00-Plab-정인환교수\lab02\lab02\Debug\01.write.1.tlog
D:\00-Plab-정인환교수\lab02\lab02\Debug\01_manifest.rc
D:\00-PLAB-정인환교수\LAB02\LAB02\DEBUG\111.OBJ
D:\00-Plab-정인환교수\lab02\lab02\Debug\cl.command.1.tlog
D:\00-Plab-정인환교수\lab02\lab02\Debug\CL.read.1.tlog
D:\00-Plab-정인환교수\lab02\lab02\Debug\CL.write.1.tlog
D:\00-Plab-정인환교수\lab02\lab02\Debug\link.1272.read.1.tlog
D:\00-Plab-정인환교수\lab02\lab02\Debug\link.1272.write.1.tlog
D:\00-Plab-정인환교수\lab02\lab02\Debug\link.1272-cvtres.read.1.tlog
D:\00-Plab-정인환교수\lab02\lab02\Debug\link.1272-cvtres.write.1.tlog
D:\00-Plab-정인환교수\lab02\lab02\Debug\link.command.1.tlog
D:\00-Plab-정인환교수\lab02\lab02\Debug\link.read.1.tlog
D:\00-Plab-정인환교수\lab02\lab02\Debug\link.write.1.tlog
D:\00-Plab-정인환교수\lab02\lab02\Debug\link-cvtres.read.1.tlog
D:\00-Plab-정인환교수\lab02\lab02\Debug\link-cvtres.write.1.tlog
D:\00-Plab-정인환교수\lab02\lab02\Debug\mt.command.1.tlog
D:\00-Plab-정인환교수\lab02\lab02\Debug\mt.read.1.tlog
D:\00-Plab-정인환교수\lab02\lab02\Debug\mt.write.1.tlog
D:\00-Plab-정인환교수\lab02\lab02\Debug\rc.command.1.tlog
D:\00-Plab-정인환교수\lab02\lab02\Debug\rc.read.1.tlog
D:\00-Plab-정인환교수\lab02\lab02\Debug\rc.write.1.tlog
D:\00-Plab-정인환교수\lab02\lab02\Debug\vc100.idb
D:\00-PLAB-정인환교수\LAB02\LAB02\DEBUG\VC100.PDB
